Error: Failed to find Server Action "x". This request might be from an older or newer deployment.
Read more: https://nextjs.org/docs/messages/failed-to-find-server-action
    at ignore-listed frames
Error: Failed to find Server Action "x". This request might be from an older or newer deployment.
Read more: https://nextjs.org/docs/messages/failed-to-find-server-action
    at ignore-listed frames
Error: Failed to find Server Action "x". This request might be from an older or newer deployment.
Read more: https://nextjs.org/docs/messages/failed-to-find-server-action
    at ignore-listed frames
Error: Failed to find Server Action "x". This request might be from an older or newer deployment.
Read more: https://nextjs.org/docs/messages/failed-to-find-server-action
    at ignore-listed frames
Error: Failed to find Server Action "x". This request might be from an older or newer deployment.
Read more: https://nextjs.org/docs/messages/failed-to-find-server-action
    at ignore-listed frames
Error: Failed to find Server Action "x". This request might be from an older or newer deployment.
Read more: https://nextjs.org/docs/messages/failed-to-find-server-action
    at ignore-listed frames
Error: Failed to find Server Action "x". This request might be from an older or newer deployment.
Read more: https://nextjs.org/docs/messages/failed-to-find-server-action
    at ignore-listed frames
Error: Failed to find Server Action "x". This request might be from an older or newer deployment.
Read more: https://nextjs.org/docs/messages/failed-to-find-server-action
    at ignore-listed frames
Error: Failed to find Server Action "x". This request might be from an older or newer deployment.
Read more: https://nextjs.org/docs/messages/failed-to-find-server-action
    at ignore-listed frames
Error: Failed to find Server Action "x". This request might be from an older or newer deployment.
Read more: https://nextjs.org/docs/messages/failed-to-find-server-action
    at ignore-listed frames
Error: Failed to find Server Action "x". This request might be from an older or newer deployment.
Read more: https://nextjs.org/docs/messages/failed-to-find-server-action
    at ignore-listed frames
Error: Failed to find Server Action "x". This request might be from an older or newer deployment.
Read more: https://nextjs.org/docs/messages/failed-to-find-server-action
    at ignore-listed frames
Error: Failed to find Server Action "x". This request might be from an older or newer deployment.
Read more: https://nextjs.org/docs/messages/failed-to-find-server-action
    at ignore-listed frames
Error: Failed to find Server Action "x". This request might be from an older or newer deployment.
Read more: https://nextjs.org/docs/messages/failed-to-find-server-action
    at ignore-listed frames
Error: Failed to find Server Action "x". This request might be from an older or newer deployment.
Read more: https://nextjs.org/docs/messages/failed-to-find-server-action
    at ignore-listed frames
Error: Failed to find Server Action "x". This request might be from an older or newer deployment.
Read more: https://nextjs.org/docs/messages/failed-to-find-server-action
    at ignore-listed frames
Error: Failed to find Server Action "x". This request might be from an older or newer deployment.
Read more: https://nextjs.org/docs/messages/failed-to-find-server-action
    at ignore-listed frames
Error: Failed to find Server Action "x". This request might be from an older or newer deployment.
Read more: https://nextjs.org/docs/messages/failed-to-find-server-action
    at ignore-listed frames
Error: Failed to find Server Action "x". This request might be from an older or newer deployment.
Read more: https://nextjs.org/docs/messages/failed-to-find-server-action
    at ignore-listed frames
Error: Failed to find Server Action "x". This request might be from an older or newer deployment.
Read more: https://nextjs.org/docs/messages/failed-to-find-server-action
    at ignore-listed frames
Error: Could not find a production build in the '.next' directory. Try building your app with 'next build' before starting the production server. https://nextjs.org/docs/messages/production-start-no-build-id
    at ignore-listed frames
Error: Could not find a production build in the '.next' directory. Try building your app with 'next build' before starting the production server. https://nextjs.org/docs/messages/production-start-no-build-id
    at ignore-listed frames
Error: Could not find a production build in the '.next' directory. Try building your app with 'next build' before starting the production server. https://nextjs.org/docs/messages/production-start-no-build-id
    at ignore-listed frames
Error: Could not find a production build in the '.next' directory. Try building your app with 'next build' before starting the production server. https://nextjs.org/docs/messages/production-start-no-build-id
    at ignore-listed frames
Error: Could not find a production build in the '.next' directory. Try building your app with 'next build' before starting the production server. https://nextjs.org/docs/messages/production-start-no-build-id
    at ignore-listed frames
Error: Could not find a production build in the '.next' directory. Try building your app with 'next build' before starting the production server. https://nextjs.org/docs/messages/production-start-no-build-id
    at ignore-listed frames
Error: Could not find a production build in the '.next' directory. Try building your app with 'next build' before starting the production server. https://nextjs.org/docs/messages/production-start-no-build-id
    at ignore-listed frames
Error: Could not find a production build in the '.next' directory. Try building your app with 'next build' before starting the production server. https://nextjs.org/docs/messages/production-start-no-build-id
    at ignore-listed frames
Error: Could not find a production build in the '.next' directory. Try building your app with 'next build' before starting the production server. https://nextjs.org/docs/messages/production-start-no-build-id
    at ignore-listed frames
Error: Could not find a production build in the '.next' directory. Try building your app with 'next build' before starting the production server. https://nextjs.org/docs/messages/production-start-no-build-id
    at ignore-listed frames
Error: Could not find a production build in the '.next' directory. Try building your app with 'next build' before starting the production server. https://nextjs.org/docs/messages/production-start-no-build-id
    at ignore-listed frames
Error: Could not find a production build in the '.next' directory. Try building your app with 'next build' before starting the production server. https://nextjs.org/docs/messages/production-start-no-build-id
    at ignore-listed frames
Error: Could not find a production build in the '.next' directory. Try building your app with 'next build' before starting the production server. https://nextjs.org/docs/messages/production-start-no-build-id
    at ignore-listed frames
Error: Could not find a production build in the '.next' directory. Try building your app with 'next build' before starting the production server. https://nextjs.org/docs/messages/production-start-no-build-id
    at ignore-listed frames
Error: Could not find a production build in the '.next' directory. Try building your app with 'next build' before starting the production server. https://nextjs.org/docs/messages/production-start-no-build-id
    at ignore-listed frames
Error: Could not find a production build in the '.next' directory. Try building your app with 'next build' before starting the production server. https://nextjs.org/docs/messages/production-start-no-build-id
    at ignore-listed frames
Error: Failed to find Server Action "x". This request might be from an older or newer deployment.
Read more: https://nextjs.org/docs/messages/failed-to-find-server-action
    at ignore-listed frames
Error: Failed to find Server Action "x". This request might be from an older or newer deployment.
Read more: https://nextjs.org/docs/messages/failed-to-find-server-action
    at ignore-listed frames
Error: Failed to find Server Action "x". This request might be from an older or newer deployment.
Read more: https://nextjs.org/docs/messages/failed-to-find-server-action
    at ignore-listed frames
Error: Failed to find Server Action "x". This request might be from an older or newer deployment.
Read more: https://nextjs.org/docs/messages/failed-to-find-server-action
    at ignore-listed frames
Error: Failed to find Server Action "x". This request might be from an older or newer deployment.
Read more: https://nextjs.org/docs/messages/failed-to-find-server-action
    at ignore-listed frames
mergeDuplicateRecords error: Error [PrismaClientKnownRequestError]: 
Invalid `prisma.person.update()` invocation:


Unique constraint failed on the fields: (`userId`,`campaignId`)
    at async (.next/server/chunks/ssr/_next-internal_server_app_(app)_people_duplicates_page_actions_0s.z0et.js:1:3880)
    at async n (.next/server/chunks/ssr/_next-internal_server_app_(app)_people_duplicates_page_actions_0s.z0et.js:1:3833) {
  code: 'P2002',
  clientVersion: '5.22.0',
  meta: { modelName: 'Person', target: [ 'userId', 'campaignId' ] }
}
mergeDuplicateRecords error: Error [PrismaClientKnownRequestError]: 
Invalid `prisma.person.update()` invocation:


Unique constraint failed on the fields: (`userId`,`campaignId`)
    at async (.next/server/chunks/ssr/_next-internal_server_app_(app)_people_duplicates_page_actions_0s.z0et.js:1:3880)
    at async n (.next/server/chunks/ssr/_next-internal_server_app_(app)_people_duplicates_page_actions_0s.z0et.js:1:3833) {
  code: 'P2002',
  clientVersion: '5.22.0',
  meta: { modelName: 'Person', target: [ 'userId', 'campaignId' ] }
}
mergeDuplicateRecords error: Error [PrismaClientKnownRequestError]: 
Invalid `prisma.person.update()` invocation:


Unique constraint failed on the fields: (`userId`,`campaignId`)
    at async (.next/server/chunks/ssr/_next-internal_server_app_(app)_people_duplicates_page_actions_0s.z0et.js:1:3880)
    at async n (.next/server/chunks/ssr/_next-internal_server_app_(app)_people_duplicates_page_actions_0s.z0et.js:1:3833) {
  code: 'P2002',
  clientVersion: '5.22.0',
  meta: { modelName: 'Person', target: [ 'userId', 'campaignId' ] }
}
Error: Failed to find Server Action "x". This request might be from an older or newer deployment.
Read more: https://nextjs.org/docs/messages/failed-to-find-server-action
    at ignore-listed frames
⨯ Error [PrismaClientKnownRequestError]: 
Invalid `prisma.personListMembership.createMany()` invocation:


Unique constraint failed on the fields: (`personId`,`listImportId`)
    at async i.db.$transaction.timeout (.next/server/chunks/ssr/_next-internal_server_app_(app)_import_voters_page_actions_0_bchvx.js:1:12187)
    at async z (.next/server/chunks/ssr/_next-internal_server_app_(app)_import_voters_page_actions_0_bchvx.js:1:3495) {
  code: 'P2002',
  clientVersion: '5.22.0',
  meta: {
    modelName: 'PersonListMembership',
    target: [ 'personId', 'listImportId' ]
  },
  digest: '755546477'
}
⨯ Error [PrismaClientKnownRequestError]: 
Invalid `prisma.personListMembership.createMany()` invocation:


Unique constraint failed on the fields: (`personId`,`listImportId`)
    at async i.db.$transaction.timeout (.next/server/chunks/ssr/_next-internal_server_app_(app)_import_voters_page_actions_0_bchvx.js:1:12187)
    at async z (.next/server/chunks/ssr/_next-internal_server_app_(app)_import_voters_page_actions_0_bchvx.js:1:3495) {
  code: 'P2002',
  clientVersion: '5.22.0',
  meta: {
    modelName: 'PersonListMembership',
    target: [ 'personId', 'listImportId' ]
  },
  digest: '3793189869'
}
Error [ChunkLoadError]: Failed to load chunk server/chunks/ssr/_03pca2c._.js from module 53935
    at Context.loadChunkAsync [as l] (.next/server/chunks/ssr/[turbopack]_runtime.js:766:27) {
  [cause]: Error: Cannot find module '/var/www/localseat/.next/server/chunks/ssr/_03pca2c._.js'
  Require stack:
  - /var/www/localseat/.next/server/chunks/ssr/[turbopack]_runtime.js
  - /var/www/localseat/.next/server/app/(app)/account/campaigns/page.js
  - /var/www/localseat/node_modules/next/dist/server/require.js
  - /var/www/localseat/node_modules/next/dist/server/next-server.js
  - /var/www/localseat/node_modules/next/dist/server/next.js
  - /var/www/localseat/node_modules/next/dist/server/lib/start-server.js
  - /var/www/localseat/node_modules/next/dist/cli/next-start.js
      at Context.loadChunkAsync [as l] (.next/server/chunks/ssr/[turbopack]_runtime.js:761:34) {
    code: 'MODULE_NOT_FOUND',
    requireStack: [
      '/var/www/localseat/.next/server/chunks/ssr/[turbopack]_runtime.js',
      '/var/www/localseat/.next/server/app/(app)/account/campaigns/page.js',
      '/var/www/localseat/node_modules/next/dist/server/require.js',
      '/var/www/localseat/node_modules/next/dist/server/next-server.js',
      '/var/www/localseat/node_modules/next/dist/server/next.js',
      '/var/www/localseat/node_modules/next/dist/server/lib/start-server.js',
      '/var/www/localseat/node_modules/next/dist/cli/next-start.js'
    ]
  }
}
⨯ unhandledRejection:  Error [ChunkLoadError]: Failed to load chunk server/chunks/ssr/_03pca2c._.js from module 53935
    at Context.loadChunkAsync [as l] (.next/server/chunks/ssr/[turbopack]_runtime.js:766:27) {
  [cause]: Error: Cannot find module '/var/www/localseat/.next/server/chunks/ssr/_03pca2c._.js'
  Require stack:
  - /var/www/localseat/.next/server/chunks/ssr/[turbopack]_runtime.js
  - /var/www/localseat/.next/server/app/(app)/account/campaigns/page.js
  - /var/www/localseat/node_modules/next/dist/server/require.js
  - /var/www/localseat/node_modules/next/dist/server/next-server.js
  - /var/www/localseat/node_modules/next/dist/server/next.js
  - /var/www/localseat/node_modules/next/dist/server/lib/start-server.js
  - /var/www/localseat/node_modules/next/dist/cli/next-start.js
      at Context.loadChunkAsync [as l] (.next/server/chunks/ssr/[turbopack]_runtime.js:761:34) {
    code: 'MODULE_NOT_FOUND',
    requireStack: [
      '/var/www/localseat/.next/server/chunks/ssr/[turbopack]_runtime.js',
      '/var/www/localseat/.next/server/app/(app)/account/campaigns/page.js',
      '/var/www/localseat/node_modules/next/dist/server/require.js',
      '/var/www/localseat/node_modules/next/dist/server/next-server.js',
      '/var/www/localseat/node_modules/next/dist/server/next.js',
      '/var/www/localseat/node_modules/next/dist/server/lib/start-server.js',
      '/var/www/localseat/node_modules/next/dist/cli/next-start.js'
    ]
  }
}
Error [ChunkLoadError]: Failed to load chunk server/chunks/ssr/src_app_(app)_canvassing_0bos4hw._.js from module 53935
    at Context.loadChunkAsync [as l] (.next/server/chunks/ssr/[turbopack]_runtime.js:766:27) {
  [cause]: Error: Cannot find module '/var/www/localseat/.next/server/chunks/ssr/src_app_(app)_canvassing_0bos4hw._.js'
  Require stack:
  - /var/www/localseat/.next/server/chunks/ssr/[turbopack]_runtime.js
  - /var/www/localseat/.next/server/app/(app)/account/campaigns/page.js
  - /var/www/localseat/node_modules/next/dist/server/require.js
  - /var/www/localseat/node_modules/next/dist/server/next-server.js
  - /var/www/localseat/node_modules/next/dist/server/next.js
  - /var/www/localseat/node_modules/next/dist/server/lib/start-server.js
  - /var/www/localseat/node_modules/next/dist/cli/next-start.js
      at Context.loadChunkAsync [as l] (.next/server/chunks/ssr/[turbopack]_runtime.js:761:34) {
    code: 'MODULE_NOT_FOUND',
    requireStack: [
      '/var/www/localseat/.next/server/chunks/ssr/[turbopack]_runtime.js',
      '/var/www/localseat/.next/server/app/(app)/account/campaigns/page.js',
      '/var/www/localseat/node_modules/next/dist/server/require.js',
      '/var/www/localseat/node_modules/next/dist/server/next-server.js',
      '/var/www/localseat/node_modules/next/dist/server/next.js',
      '/var/www/localseat/node_modules/next/dist/server/lib/start-server.js',
      '/var/www/localseat/node_modules/next/dist/cli/next-start.js'
    ]
  }
}
⨯ unhandledRejection:  Error [ChunkLoadError]: Failed to load chunk server/chunks/ssr/src_app_(app)_canvassing_0bos4hw._.js from module 53935
    at Context.loadChunkAsync [as l] (.next/server/chunks/ssr/[turbopack]_runtime.js:766:27) {
  [cause]: Error: Cannot find module '/var/www/localseat/.next/server/chunks/ssr/src_app_(app)_canvassing_0bos4hw._.js'
  Require stack:
  - /var/www/localseat/.next/server/chunks/ssr/[turbopack]_runtime.js
  - /var/www/localseat/.next/server/app/(app)/account/campaigns/page.js
  - /var/www/localseat/node_modules/next/dist/server/require.js
  - /var/www/localseat/node_modules/next/dist/server/next-server.js
  - /var/www/localseat/node_modules/next/dist/server/next.js
  - /var/www/localseat/node_modules/next/dist/server/lib/start-server.js
  - /var/www/localseat/node_modules/next/dist/cli/next-start.js
      at Context.loadChunkAsync [as l] (.next/server/chunks/ssr/[turbopack]_runtime.js:761:34) {
    code: 'MODULE_NOT_FOUND',
    requireStack: [
      '/var/www/localseat/.next/server/chunks/ssr/[turbopack]_runtime.js',
      '/var/www/localseat/.next/server/app/(app)/account/campaigns/page.js',
      '/var/www/localseat/node_modules/next/dist/server/require.js',
      '/var/www/localseat/node_modules/next/dist/server/next-server.js',
      '/var/www/localseat/node_modules/next/dist/server/next.js',
      '/var/www/localseat/node_modules/next/dist/server/lib/start-server.js',
      '/var/www/localseat/node_modules/next/dist/cli/next-start.js'
    ]
  }
}
Error [ChunkLoadError]: Failed to load chunk server/chunks/ssr/_03pca2c._.js from module 53935
    at Context.loadChunkAsync [as l] (.next/server/chunks/ssr/[turbopack]_runtime.js:766:27) {
  [cause]: Error: Cannot find module '/var/www/localseat/.next/server/chunks/ssr/_03pca2c._.js'
  Require stack:
  - /var/www/localseat/.next/server/chunks/ssr/[turbopack]_runtime.js
  - /var/www/localseat/.next/server/app/(app)/account/campaigns/page.js
  - /var/www/localseat/node_modules/next/dist/server/require.js
  - /var/www/localseat/node_modules/next/dist/server/next-server.js
  - /var/www/localseat/node_modules/next/dist/server/next.js
  - /var/www/localseat/node_modules/next/dist/server/lib/start-server.js
  - /var/www/localseat/node_modules/next/dist/cli/next-start.js
      at Context.loadChunkAsync [as l] (.next/server/chunks/ssr/[turbopack]_runtime.js:761:34) {
    code: 'MODULE_NOT_FOUND',
    requireStack: [
      '/var/www/localseat/.next/server/chunks/ssr/[turbopack]_runtime.js',
      '/var/www/localseat/.next/server/app/(app)/account/campaigns/page.js',
      '/var/www/localseat/node_modules/next/dist/server/require.js',
      '/var/www/localseat/node_modules/next/dist/server/next-server.js',
      '/var/www/localseat/node_modules/next/dist/server/next.js',
      '/var/www/localseat/node_modules/next/dist/server/lib/start-server.js',
      '/var/www/localseat/node_modules/next/dist/cli/next-start.js'
    ]
  }
}
⨯ unhandledRejection:  Error [ChunkLoadError]: Failed to load chunk server/chunks/ssr/_03pca2c._.js from module 53935
    at Context.loadChunkAsync [as l] (.next/server/chunks/ssr/[turbopack]_runtime.js:766:27) {
  [cause]: Error: Cannot find module '/var/www/localseat/.next/server/chunks/ssr/_03pca2c._.js'
  Require stack:
  - /var/www/localseat/.next/server/chunks/ssr/[turbopack]_runtime.js
  - /var/www/localseat/.next/server/app/(app)/account/campaigns/page.js
  - /var/www/localseat/node_modules/next/dist/server/require.js
  - /var/www/localseat/node_modules/next/dist/server/next-server.js
  - /var/www/localseat/node_modules/next/dist/server/next.js
  - /var/www/localseat/node_modules/next/dist/server/lib/start-server.js
  - /var/www/localseat/node_modules/next/dist/cli/next-start.js
      at Context.loadChunkAsync [as l] (.next/server/chunks/ssr/[turbopack]_runtime.js:761:34) {
    code: 'MODULE_NOT_FOUND',
    requireStack: [
      '/var/www/localseat/.next/server/chunks/ssr/[turbopack]_runtime.js',
      '/var/www/localseat/.next/server/app/(app)/account/campaigns/page.js',
      '/var/www/localseat/node_modules/next/dist/server/require.js',
      '/var/www/localseat/node_modules/next/dist/server/next-server.js',
      '/var/www/localseat/node_modules/next/dist/server/next.js',
      '/var/www/localseat/node_modules/next/dist/server/lib/start-server.js',
      '/var/www/localseat/node_modules/next/dist/cli/next-start.js'
    ]
  }
}
Error [ChunkLoadError]: Failed to load chunk server/chunks/ssr/src_app_(app)_canvassing_0bos4hw._.js from module 53935
    at Context.loadChunkAsync [as l] (.next/server/chunks/ssr/[turbopack]_runtime.js:766:27) {
  [cause]: Error: Cannot find module '/var/www/localseat/.next/server/chunks/ssr/src_app_(app)_canvassing_0bos4hw._.js'
  Require stack:
  - /var/www/localseat/.next/server/chunks/ssr/[turbopack]_runtime.js
  - /var/www/localseat/.next/server/app/(app)/account/campaigns/page.js
  - /var/www/localseat/node_modules/next/dist/server/require.js
  - /var/www/localseat/node_modules/next/dist/server/next-server.js
  - /var/www/localseat/node_modules/next/dist/server/next.js
  - /var/www/localseat/node_modules/next/dist/server/lib/start-server.js
  - /var/www/localseat/node_modules/next/dist/cli/next-start.js
      at Context.loadChunkAsync [as l] (.next/server/chunks/ssr/[turbopack]_runtime.js:761:34) {
    code: 'MODULE_NOT_FOUND',
    requireStack: [
      '/var/www/localseat/.next/server/chunks/ssr/[turbopack]_runtime.js',
      '/var/www/localseat/.next/server/app/(app)/account/campaigns/page.js',
      '/var/www/localseat/node_modules/next/dist/server/require.js',
      '/var/www/localseat/node_modules/next/dist/server/next-server.js',
      '/var/www/localseat/node_modules/next/dist/server/next.js',
      '/var/www/localseat/node_modules/next/dist/server/lib/start-server.js',
      '/var/www/localseat/node_modules/next/dist/cli/next-start.js'
    ]
  }
}
⨯ unhandledRejection:  Error [ChunkLoadError]: Failed to load chunk server/chunks/ssr/src_app_(app)_canvassing_0bos4hw._.js from module 53935
    at Context.loadChunkAsync [as l] (.next/server/chunks/ssr/[turbopack]_runtime.js:766:27) {
  [cause]: Error: Cannot find module '/var/www/localseat/.next/server/chunks/ssr/src_app_(app)_canvassing_0bos4hw._.js'
  Require stack:
  - /var/www/localseat/.next/server/chunks/ssr/[turbopack]_runtime.js
  - /var/www/localseat/.next/server/app/(app)/account/campaigns/page.js
  - /var/www/localseat/node_modules/next/dist/server/require.js
  - /var/www/localseat/node_modules/next/dist/server/next-server.js
  - /var/www/localseat/node_modules/next/dist/server/next.js
  - /var/www/localseat/node_modules/next/dist/server/lib/start-server.js
  - /var/www/localseat/node_modules/next/dist/cli/next-start.js
      at Context.loadChunkAsync [as l] (.next/server/chunks/ssr/[turbopack]_runtime.js:761:34) {
    code: 'MODULE_NOT_FOUND',
    requireStack: [
      '/var/www/localseat/.next/server/chunks/ssr/[turbopack]_runtime.js',
      '/var/www/localseat/.next/server/app/(app)/account/campaigns/page.js',
      '/var/www/localseat/node_modules/next/dist/server/require.js',
      '/var/www/localseat/node_modules/next/dist/server/next-server.js',
      '/var/www/localseat/node_modules/next/dist/server/next.js',
      '/var/www/localseat/node_modules/next/dist/server/lib/start-server.js',
      '/var/www/localseat/node_modules/next/dist/cli/next-start.js'
    ]
  }
}
Error [ChunkLoadError]: Failed to load chunk server/chunks/ssr/_03pca2c._.js from module 53935
    at Context.loadChunkAsync [as l] (.next/server/chunks/ssr/[turbopack]_runtime.js:766:27) {
  [cause]: Error: Cannot find module '/var/www/localseat/.next/server/chunks/ssr/_03pca2c._.js'
  Require stack:
  - /var/www/localseat/.next/server/chunks/ssr/[turbopack]_runtime.js
  - /var/www/localseat/.next/server/app/(app)/account/campaigns/page.js
  - /var/www/localseat/node_modules/next/dist/server/require.js
  - /var/www/localseat/node_modules/next/dist/server/next-server.js
  - /var/www/localseat/node_modules/next/dist/server/next.js
  - /var/www/localseat/node_modules/next/dist/server/lib/start-server.js
  - /var/www/localseat/node_modules/next/dist/cli/next-start.js
      at Context.loadChunkAsync [as l] (.next/server/chunks/ssr/[turbopack]_runtime.js:761:34) {
    code: 'MODULE_NOT_FOUND',
    requireStack: [
      '/var/www/localseat/.next/server/chunks/ssr/[turbopack]_runtime.js',
      '/var/www/localseat/.next/server/app/(app)/account/campaigns/page.js',
      '/var/www/localseat/node_modules/next/dist/server/require.js',
      '/var/www/localseat/node_modules/next/dist/server/next-server.js',
      '/var/www/localseat/node_modules/next/dist/server/next.js',
      '/var/www/localseat/node_modules/next/dist/server/lib/start-server.js',
      '/var/www/localseat/node_modules/next/dist/cli/next-start.js'
    ]
  }
}
⨯ unhandledRejection:  Error [ChunkLoadError]: Failed to load chunk server/chunks/ssr/_03pca2c._.js from module 53935
    at Context.loadChunkAsync [as l] (.next/server/chunks/ssr/[turbopack]_runtime.js:766:27) {
  [cause]: Error: Cannot find module '/var/www/localseat/.next/server/chunks/ssr/_03pca2c._.js'
  Require stack:
  - /var/www/localseat/.next/server/chunks/ssr/[turbopack]_runtime.js
  - /var/www/localseat/.next/server/app/(app)/account/campaigns/page.js
  - /var/www/localseat/node_modules/next/dist/server/require.js
  - /var/www/localseat/node_modules/next/dist/server/next-server.js
  - /var/www/localseat/node_modules/next/dist/server/next.js
  - /var/www/localseat/node_modules/next/dist/server/lib/start-server.js
  - /var/www/localseat/node_modules/next/dist/cli/next-start.js
      at Context.loadChunkAsync [as l] (.next/server/chunks/ssr/[turbopack]_runtime.js:761:34) {
    code: 'MODULE_NOT_FOUND',
    requireStack: [
      '/var/www/localseat/.next/server/chunks/ssr/[turbopack]_runtime.js',
      '/var/www/localseat/.next/server/app/(app)/account/campaigns/page.js',
      '/var/www/localseat/node_modules/next/dist/server/require.js',
      '/var/www/localseat/node_modules/next/dist/server/next-server.js',
      '/var/www/localseat/node_modules/next/dist/server/next.js',
      '/var/www/localseat/node_modules/next/dist/server/lib/start-server.js',
      '/var/www/localseat/node_modules/next/dist/cli/next-start.js'
    ]
  }
}
Error [ChunkLoadError]: Failed to load chunk server/chunks/ssr/src_app_(app)_canvassing_0bos4hw._.js from module 53935
    at Context.loadChunkAsync [as l] (.next/server/chunks/ssr/[turbopack]_runtime.js:766:27) {
  [cause]: Error: Cannot find module '/var/www/localseat/.next/server/chunks/ssr/src_app_(app)_canvassing_0bos4hw._.js'
  Require stack:
  - /var/www/localseat/.next/server/chunks/ssr/[turbopack]_runtime.js
  - /var/www/localseat/.next/server/app/(app)/account/campaigns/page.js
  - /var/www/localseat/node_modules/next/dist/server/require.js
  - /var/www/localseat/node_modules/next/dist/server/next-server.js
  - /var/www/localseat/node_modules/next/dist/server/next.js
  - /var/www/localseat/node_modules/next/dist/server/lib/start-server.js
  - /var/www/localseat/node_modules/next/dist/cli/next-start.js
      at Context.loadChunkAsync [as l] (.next/server/chunks/ssr/[turbopack]_runtime.js:761:34) {
    code: 'MODULE_NOT_FOUND',
    requireStack: [
      '/var/www/localseat/.next/server/chunks/ssr/[turbopack]_runtime.js',
      '/var/www/localseat/.next/server/app/(app)/account/campaigns/page.js',
      '/var/www/localseat/node_modules/next/dist/server/require.js',
      '/var/www/localseat/node_modules/next/dist/server/next-server.js',
      '/var/www/localseat/node_modules/next/dist/server/next.js',
      '/var/www/localseat/node_modules/next/dist/server/lib/start-server.js',
      '/var/www/localseat/node_modules/next/dist/cli/next-start.js'
    ]
  }
}
⨯ unhandledRejection:  Error [ChunkLoadError]: Failed to load chunk server/chunks/ssr/src_app_(app)_canvassing_0bos4hw._.js from module 53935
    at Context.loadChunkAsync [as l] (.next/server/chunks/ssr/[turbopack]_runtime.js:766:27) {
  [cause]: Error: Cannot find module '/var/www/localseat/.next/server/chunks/ssr/src_app_(app)_canvassing_0bos4hw._.js'
  Require stack:
  - /var/www/localseat/.next/server/chunks/ssr/[turbopack]_runtime.js
  - /var/www/localseat/.next/server/app/(app)/account/campaigns/page.js
  - /var/www/localseat/node_modules/next/dist/server/require.js
  - /var/www/localseat/node_modules/next/dist/server/next-server.js
  - /var/www/localseat/node_modules/next/dist/server/next.js
  - /var/www/localseat/node_modules/next/dist/server/lib/start-server.js
  - /var/www/localseat/node_modules/next/dist/cli/next-start.js
      at Context.loadChunkAsync [as l] (.next/server/chunks/ssr/[turbopack]_runtime.js:761:34) {
    code: 'MODULE_NOT_FOUND',
    requireStack: [
      '/var/www/localseat/.next/server/chunks/ssr/[turbopack]_runtime.js',
      '/var/www/localseat/.next/server/app/(app)/account/campaigns/page.js',
      '/var/www/localseat/node_modules/next/dist/server/require.js',
      '/var/www/localseat/node_modules/next/dist/server/next-server.js',
      '/var/www/localseat/node_modules/next/dist/server/next.js',
      '/var/www/localseat/node_modules/next/dist/server/lib/start-server.js',
      '/var/www/localseat/node_modules/next/dist/cli/next-start.js'
    ]
  }
}
⨯ Error [ChunkLoadError]: Failed to load chunk server/chunks/ssr/_03pca2c._.js from module 53935
    at Context.loadChunkAsync [as l] (.next/server/chunks/ssr/[turbopack]_runtime.js:766:27) {
  digest: '588830742',
  [cause]: Error: Cannot find module '/var/www/localseat/.next/server/chunks/ssr/_03pca2c._.js'
  Require stack:
  - /var/www/localseat/.next/server/chunks/ssr/[turbopack]_runtime.js
  - /var/www/localseat/.next/server/app/(app)/account/campaigns/page.js
  - /var/www/localseat/node_modules/next/dist/server/require.js
  - /var/www/localseat/node_modules/next/dist/server/next-server.js
  - /var/www/localseat/node_modules/next/dist/server/next.js
  - /var/www/localseat/node_modules/next/dist/server/lib/start-server.js
  - /var/www/localseat/node_modules/next/dist/cli/next-start.js
      at Context.loadChunkAsync [as l] (.next/server/chunks/ssr/[turbopack]_runtime.js:761:34) {
    code: 'MODULE_NOT_FOUND',
    requireStack: [
      '/var/www/localseat/.next/server/chunks/ssr/[turbopack]_runtime.js',
      '/var/www/localseat/.next/server/app/(app)/account/campaigns/page.js',
      '/var/www/localseat/node_modules/next/dist/server/require.js',
      '/var/www/localseat/node_modules/next/dist/server/next-server.js',
      '/var/www/localseat/node_modules/next/dist/server/next.js',
      '/var/www/localseat/node_modules/next/dist/server/lib/start-server.js',
      '/var/www/localseat/node_modules/next/dist/cli/next-start.js'
    ]
  }
}
Error [ChunkLoadError]: Failed to load chunk server/chunks/ssr/_03pca2c._.js from module 53935
    at Context.loadChunkAsync [as l] (.next/server/chunks/ssr/[turbopack]_runtime.js:766:27) {
  digest: '588830742',
  [cause]: Error: Cannot find module '/var/www/localseat/.next/server/chunks/ssr/_03pca2c._.js'
  Require stack:
  - /var/www/localseat/.next/server/chunks/ssr/[turbopack]_runtime.js
  - /var/www/localseat/.next/server/app/(app)/account/campaigns/page.js
  - /var/www/localseat/node_modules/next/dist/server/require.js
  - /var/www/localseat/node_modules/next/dist/server/next-server.js
  - /var/www/localseat/node_modules/next/dist/server/next.js
  - /var/www/localseat/node_modules/next/dist/server/lib/start-server.js
  - /var/www/localseat/node_modules/next/dist/cli/next-start.js
      at Context.loadChunkAsync [as l] (.next/server/chunks/ssr/[turbopack]_runtime.js:761:34) {
    code: 'MODULE_NOT_FOUND',
    requireStack: [
      '/var/www/localseat/.next/server/chunks/ssr/[turbopack]_runtime.js',
      '/var/www/localseat/.next/server/app/(app)/account/campaigns/page.js',
      '/var/www/localseat/node_modules/next/dist/server/require.js',
      '/var/www/localseat/node_modules/next/dist/server/next-server.js',
      '/var/www/localseat/node_modules/next/dist/server/next.js',
      '/var/www/localseat/node_modules/next/dist/server/lib/start-server.js',
      '/var/www/localseat/node_modules/next/dist/cli/next-start.js'
    ]
  }
}
⨯ unhandledRejection:  Error [ChunkLoadError]: Failed to load chunk server/chunks/ssr/_03pca2c._.js from module 53935
    at Context.loadChunkAsync [as l] (.next/server/chunks/ssr/[turbopack]_runtime.js:766:27) {
  digest: '588830742',
  [cause]: Error: Cannot find module '/var/www/localseat/.next/server/chunks/ssr/_03pca2c._.js'
  Require stack:
  - /var/www/localseat/.next/server/chunks/ssr/[turbopack]_runtime.js
  - /var/www/localseat/.next/server/app/(app)/account/campaigns/page.js
  - /var/www/localseat/node_modules/next/dist/server/require.js
  - /var/www/localseat/node_modules/next/dist/server/next-server.js
  - /var/www/localseat/node_modules/next/dist/server/next.js
  - /var/www/localseat/node_modules/next/dist/server/lib/start-server.js
  - /var/www/localseat/node_modules/next/dist/cli/next-start.js
      at Context.loadChunkAsync [as l] (.next/server/chunks/ssr/[turbopack]_runtime.js:761:34) {
    code: 'MODULE_NOT_FOUND',
    requireStack: [
      '/var/www/localseat/.next/server/chunks/ssr/[turbopack]_runtime.js',
      '/var/www/localseat/.next/server/app/(app)/account/campaigns/page.js',
      '/var/www/localseat/node_modules/next/dist/server/require.js',
      '/var/www/localseat/node_modules/next/dist/server/next-server.js',
      '/var/www/localseat/node_modules/next/dist/server/next.js',
      '/var/www/localseat/node_modules/next/dist/server/lib/start-server.js',
      '/var/www/localseat/node_modules/next/dist/cli/next-start.js'
    ]
  }
}
Error [ChunkLoadError]: Failed to load chunk server/chunks/ssr/src_app_(app)_canvassing_0bos4hw._.js from module 53935
    at Context.loadChunkAsync [as l] (.next/server/chunks/ssr/[turbopack]_runtime.js:766:27) {
  [cause]: Error: Cannot find module '/var/www/localseat/.next/server/chunks/ssr/src_app_(app)_canvassing_0bos4hw._.js'
  Require stack:
  - /var/www/localseat/.next/server/chunks/ssr/[turbopack]_runtime.js
  - /var/www/localseat/.next/server/app/(app)/account/campaigns/page.js
  - /var/www/localseat/node_modules/next/dist/server/require.js
  - /var/www/localseat/node_modules/next/dist/server/next-server.js
  - /var/www/localseat/node_modules/next/dist/server/next.js
  - /var/www/localseat/node_modules/next/dist/server/lib/start-server.js
  - /var/www/localseat/node_modules/next/dist/cli/next-start.js
      at Context.loadChunkAsync [as l] (.next/server/chunks/ssr/[turbopack]_runtime.js:761:34) {
    code: 'MODULE_NOT_FOUND',
    requireStack: [
      '/var/www/localseat/.next/server/chunks/ssr/[turbopack]_runtime.js',
      '/var/www/localseat/.next/server/app/(app)/account/campaigns/page.js',
      '/var/www/localseat/node_modules/next/dist/server/require.js',
      '/var/www/localseat/node_modules/next/dist/server/next-server.js',
      '/var/www/localseat/node_modules/next/dist/server/next.js',
      '/var/www/localseat/node_modules/next/dist/server/lib/start-server.js',
      '/var/www/localseat/node_modules/next/dist/cli/next-start.js'
    ]
  }
}
⨯ unhandledRejection:  Error [ChunkLoadError]: Failed to load chunk server/chunks/ssr/src_app_(app)_canvassing_0bos4hw._.js from module 53935
    at Context.loadChunkAsync [as l] (.next/server/chunks/ssr/[turbopack]_runtime.js:766:27) {
  [cause]: Error: Cannot find module '/var/www/localseat/.next/server/chunks/ssr/src_app_(app)_canvassing_0bos4hw._.js'
  Require stack:
  - /var/www/localseat/.next/server/chunks/ssr/[turbopack]_runtime.js
  - /var/www/localseat/.next/server/app/(app)/account/campaigns/page.js
  - /var/www/localseat/node_modules/next/dist/server/require.js
  - /var/www/localseat/node_modules/next/dist/server/next-server.js
  - /var/www/localseat/node_modules/next/dist/server/next.js
  - /var/www/localseat/node_modules/next/dist/server/lib/start-server.js
  - /var/www/localseat/node_modules/next/dist/cli/next-start.js
      at Context.loadChunkAsync [as l] (.next/server/chunks/ssr/[turbopack]_runtime.js:761:34) {
    code: 'MODULE_NOT_FOUND',
    requireStack: [
      '/var/www/localseat/.next/server/chunks/ssr/[turbopack]_runtime.js',
      '/var/www/localseat/.next/server/app/(app)/account/campaigns/page.js',
      '/var/www/localseat/node_modules/next/dist/server/require.js',
      '/var/www/localseat/node_modules/next/dist/server/next-server.js',
      '/var/www/localseat/node_modules/next/dist/server/next.js',
      '/var/www/localseat/node_modules/next/dist/server/lib/start-server.js',
      '/var/www/localseat/node_modules/next/dist/cli/next-start.js'
    ]
  }
}
Error [ChunkLoadError]: Failed to load chunk server/chunks/ssr/_03pca2c._.js from module 53935
    at Context.loadChunkAsync [as l] (.next/server/chunks/ssr/[turbopack]_runtime.js:766:27) {
  digest: '588830742',
  [cause]: Error: Cannot find module '/var/www/localseat/.next/server/chunks/ssr/_03pca2c._.js'
  Require stack:
  - /var/www/localseat/.next/server/chunks/ssr/[turbopack]_runtime.js
  - /var/www/localseat/.next/server/app/(app)/account/campaigns/page.js
  - /var/www/localseat/node_modules/next/dist/server/require.js
  - /var/www/localseat/node_modules/next/dist/server/next-server.js
  - /var/www/localseat/node_modules/next/dist/server/next.js
  - /var/www/localseat/node_modules/next/dist/server/lib/start-server.js
  - /var/www/localseat/node_modules/next/dist/cli/next-start.js
      at Context.loadChunkAsync [as l] (.next/server/chunks/ssr/[turbopack]_runtime.js:761:34) {
    code: 'MODULE_NOT_FOUND',
    requireStack: [
      '/var/www/localseat/.next/server/chunks/ssr/[turbopack]_runtime.js',
      '/var/www/localseat/.next/server/app/(app)/account/campaigns/page.js',
      '/var/www/localseat/node_modules/next/dist/server/require.js',
      '/var/www/localseat/node_modules/next/dist/server/next-server.js',
      '/var/www/localseat/node_modules/next/dist/server/next.js',
      '/var/www/localseat/node_modules/next/dist/server/lib/start-server.js',
      '/var/www/localseat/node_modules/next/dist/cli/next-start.js'
    ]
  }
}
⨯ unhandledRejection:  Error [ChunkLoadError]: Failed to load chunk server/chunks/ssr/_03pca2c._.js from module 53935
    at Context.loadChunkAsync [as l] (.next/server/chunks/ssr/[turbopack]_runtime.js:766:27) {
  digest: '588830742',
  [cause]: Error: Cannot find module '/var/www/localseat/.next/server/chunks/ssr/_03pca2c._.js'
  Require stack:
  - /var/www/localseat/.next/server/chunks/ssr/[turbopack]_runtime.js
  - /var/www/localseat/.next/server/app/(app)/account/campaigns/page.js
  - /var/www/localseat/node_modules/next/dist/server/require.js
  - /var/www/localseat/node_modules/next/dist/server/next-server.js
  - /var/www/localseat/node_modules/next/dist/server/next.js
  - /var/www/localseat/node_modules/next/dist/server/lib/start-server.js
  - /var/www/localseat/node_modules/next/dist/cli/next-start.js
      at Context.loadChunkAsync [as l] (.next/server/chunks/ssr/[turbopack]_runtime.js:761:34) {
    code: 'MODULE_NOT_FOUND',
    requireStack: [
      '/var/www/localseat/.next/server/chunks/ssr/[turbopack]_runtime.js',
      '/var/www/localseat/.next/server/app/(app)/account/campaigns/page.js',
      '/var/www/localseat/node_modules/next/dist/server/require.js',
      '/var/www/localseat/node_modules/next/dist/server/next-server.js',
      '/var/www/localseat/node_modules/next/dist/server/next.js',
      '/var/www/localseat/node_modules/next/dist/server/lib/start-server.js',
      '/var/www/localseat/node_modules/next/dist/cli/next-start.js'
    ]
  }
}
Error [ChunkLoadError]: Failed to load chunk server/chunks/ssr/src_app_(app)_canvassing_0bos4hw._.js from module 53935
    at Context.loadChunkAsync [as l] (.next/server/chunks/ssr/[turbopack]_runtime.js:766:27) {
  [cause]: Error: Cannot find module '/var/www/localseat/.next/server/chunks/ssr/src_app_(app)_canvassing_0bos4hw._.js'
  Require stack:
  - /var/www/localseat/.next/server/chunks/ssr/[turbopack]_runtime.js
  - /var/www/localseat/.next/server/app/(app)/account/campaigns/page.js
  - /var/www/localseat/node_modules/next/dist/server/require.js
  - /var/www/localseat/node_modules/next/dist/server/next-server.js
  - /var/www/localseat/node_modules/next/dist/server/next.js
  - /var/www/localseat/node_modules/next/dist/server/lib/start-server.js
  - /var/www/localseat/node_modules/next/dist/cli/next-start.js
      at Context.loadChunkAsync [as l] (.next/server/chunks/ssr/[turbopack]_runtime.js:761:34) {
    code: 'MODULE_NOT_FOUND',
    requireStack: [
      '/var/www/localseat/.next/server/chunks/ssr/[turbopack]_runtime.js',
      '/var/www/localseat/.next/server/app/(app)/account/campaigns/page.js',
      '/var/www/localseat/node_modules/next/dist/server/require.js',
      '/var/www/localseat/node_modules/next/dist/server/next-server.js',
      '/var/www/localseat/node_modules/next/dist/server/next.js',
      '/var/www/localseat/node_modules/next/dist/server/lib/start-server.js',
      '/var/www/localseat/node_modules/next/dist/cli/next-start.js'
    ]
  }
}
⨯ unhandledRejection:  Error [ChunkLoadError]: Failed to load chunk server/chunks/ssr/src_app_(app)_canvassing_0bos4hw._.js from module 53935
    at Context.loadChunkAsync [as l] (.next/server/chunks/ssr/[turbopack]_runtime.js:766:27) {
  [cause]: Error: Cannot find module '/var/www/localseat/.next/server/chunks/ssr/src_app_(app)_canvassing_0bos4hw._.js'
  Require stack:
  - /var/www/localseat/.next/server/chunks/ssr/[turbopack]_runtime.js
  - /var/www/localseat/.next/server/app/(app)/account/campaigns/page.js
  - /var/www/localseat/node_modules/next/dist/server/require.js
  - /var/www/localseat/node_modules/next/dist/server/next-server.js
  - /var/www/localseat/node_modules/next/dist/server/next.js
  - /var/www/localseat/node_modules/next/dist/server/lib/start-server.js
  - /var/www/localseat/node_modules/next/dist/cli/next-start.js
      at Context.loadChunkAsync [as l] (.next/server/chunks/ssr/[turbopack]_runtime.js:761:34) {
    code: 'MODULE_NOT_FOUND',
    requireStack: [
      '/var/www/localseat/.next/server/chunks/ssr/[turbopack]_runtime.js',
      '/var/www/localseat/.next/server/app/(app)/account/campaigns/page.js',
      '/var/www/localseat/node_modules/next/dist/server/require.js',
      '/var/www/localseat/node_modules/next/dist/server/next-server.js',
      '/var/www/localseat/node_modules/next/dist/server/next.js',
      '/var/www/localseat/node_modules/next/dist/server/lib/start-server.js',
      '/var/www/localseat/node_modules/next/dist/cli/next-start.js'
    ]
  }
}
Error [ChunkLoadError]: Failed to load chunk server/chunks/ssr/_03pca2c._.js from module 53935
    at Context.loadChunkAsync [as l] (.next/server/chunks/ssr/[turbopack]_runtime.js:766:27) {
  digest: '588830742',
  [cause]: Error: Cannot find module '/var/www/localseat/.next/server/chunks/ssr/_03pca2c._.js'
  Require stack:
  - /var/www/localseat/.next/server/chunks/ssr/[turbopack]_runtime.js
  - /var/www/localseat/.next/server/app/(app)/account/campaigns/page.js
  - /var/www/localseat/node_modules/next/dist/server/require.js
  - /var/www/localseat/node_modules/next/dist/server/next-server.js
  - /var/www/localseat/node_modules/next/dist/server/next.js
  - /var/www/localseat/node_modules/next/dist/server/lib/start-server.js
  - /var/www/localseat/node_modules/next/dist/cli/next-start.js
      at Context.loadChunkAsync [as l] (.next/server/chunks/ssr/[turbopack]_runtime.js:761:34) {
    code: 'MODULE_NOT_FOUND',
    requireStack: [
      '/var/www/localseat/.next/server/chunks/ssr/[turbopack]_runtime.js',
      '/var/www/localseat/.next/server/app/(app)/account/campaigns/page.js',
      '/var/www/localseat/node_modules/next/dist/server/require.js',
      '/var/www/localseat/node_modules/next/dist/server/next-server.js',
      '/var/www/localseat/node_modules/next/dist/server/next.js',
      '/var/www/localseat/node_modules/next/dist/server/lib/start-server.js',
      '/var/www/localseat/node_modules/next/dist/cli/next-start.js'
    ]
  }
}
⨯ unhandledRejection:  Error [ChunkLoadError]: Failed to load chunk server/chunks/ssr/_03pca2c._.js from module 53935
    at Context.loadChunkAsync [as l] (.next/server/chunks/ssr/[turbopack]_runtime.js:766:27) {
  digest: '588830742',
  [cause]: Error: Cannot find module '/var/www/localseat/.next/server/chunks/ssr/_03pca2c._.js'
  Require stack:
  - /var/www/localseat/.next/server/chunks/ssr/[turbopack]_runtime.js
  - /var/www/localseat/.next/server/app/(app)/account/campaigns/page.js
  - /var/www/localseat/node_modules/next/dist/server/require.js
  - /var/www/localseat/node_modules/next/dist/server/next-server.js
  - /var/www/localseat/node_modules/next/dist/server/next.js
  - /var/www/localseat/node_modules/next/dist/server/lib/start-server.js
  - /var/www/localseat/node_modules/next/dist/cli/next-start.js
      at Context.loadChunkAsync [as l] (.next/server/chunks/ssr/[turbopack]_runtime.js:761:34) {
    code: 'MODULE_NOT_FOUND',
    requireStack: [
      '/var/www/localseat/.next/server/chunks/ssr/[turbopack]_runtime.js',
      '/var/www/localseat/.next/server/app/(app)/account/campaigns/page.js',
      '/var/www/localseat/node_modules/next/dist/server/require.js',
      '/var/www/localseat/node_modules/next/dist/server/next-server.js',
      '/var/www/localseat/node_modules/next/dist/server/next.js',
      '/var/www/localseat/node_modules/next/dist/server/lib/start-server.js',
      '/var/www/localseat/node_modules/next/dist/cli/next-start.js'
    ]
  }
}
Error [ChunkLoadError]: Failed to load chunk server/chunks/ssr/src_app_(app)_canvassing_0bos4hw._.js from module 53935
    at Context.loadChunkAsync [as l] (.next/server/chunks/ssr/[turbopack]_runtime.js:766:27) {
  [cause]: Error: Cannot find module '/var/www/localseat/.next/server/chunks/ssr/src_app_(app)_canvassing_0bos4hw._.js'
  Require stack:
  - /var/www/localseat/.next/server/chunks/ssr/[turbopack]_runtime.js
  - /var/www/localseat/.next/server/app/(app)/account/campaigns/page.js
  - /var/www/localseat/node_modules/next/dist/server/require.js
  - /var/www/localseat/node_modules/next/dist/server/next-server.js
  - /var/www/localseat/node_modules/next/dist/server/next.js
  - /var/www/localseat/node_modules/next/dist/server/lib/start-server.js
  - /var/www/localseat/node_modules/next/dist/cli/next-start.js
      at Context.loadChunkAsync [as l] (.next/server/chunks/ssr/[turbopack]_runtime.js:761:34) {
    code: 'MODULE_NOT_FOUND',
    requireStack: [
      '/var/www/localseat/.next/server/chunks/ssr/[turbopack]_runtime.js',
      '/var/www/localseat/.next/server/app/(app)/account/campaigns/page.js',
      '/var/www/localseat/node_modules/next/dist/server/require.js',
      '/var/www/localseat/node_modules/next/dist/server/next-server.js',
      '/var/www/localseat/node_modules/next/dist/server/next.js',
      '/var/www/localseat/node_modules/next/dist/server/lib/start-server.js',
      '/var/www/localseat/node_modules/next/dist/cli/next-start.js'
    ]
  }
}
⨯ unhandledRejection:  Error [ChunkLoadError]: Failed to load chunk server/chunks/ssr/src_app_(app)_canvassing_0bos4hw._.js from module 53935
    at Context.loadChunkAsync [as l] (.next/server/chunks/ssr/[turbopack]_runtime.js:766:27) {
  [cause]: Error: Cannot find module '/var/www/localseat/.next/server/chunks/ssr/src_app_(app)_canvassing_0bos4hw._.js'
  Require stack:
  - /var/www/localseat/.next/server/chunks/ssr/[turbopack]_runtime.js
  - /var/www/localseat/.next/server/app/(app)/account/campaigns/page.js
  - /var/www/localseat/node_modules/next/dist/server/require.js
  - /var/www/localseat/node_modules/next/dist/server/next-server.js
  - /var/www/localseat/node_modules/next/dist/server/next.js
  - /var/www/localseat/node_modules/next/dist/server/lib/start-server.js
  - /var/www/localseat/node_modules/next/dist/cli/next-start.js
      at Context.loadChunkAsync [as l] (.next/server/chunks/ssr/[turbopack]_runtime.js:761:34) {
    code: 'MODULE_NOT_FOUND',
    requireStack: [
      '/var/www/localseat/.next/server/chunks/ssr/[turbopack]_runtime.js',
      '/var/www/localseat/.next/server/app/(app)/account/campaigns/page.js',
      '/var/www/localseat/node_modules/next/dist/server/require.js',
      '/var/www/localseat/node_modules/next/dist/server/next-server.js',
      '/var/www/localseat/node_modules/next/dist/server/next.js',
      '/var/www/localseat/node_modules/next/dist/server/lib/start-server.js',
      '/var/www/localseat/node_modules/next/dist/cli/next-start.js'
    ]
  }
}
⨯ Error [ChunkLoadError]: Failed to load chunk server/chunks/ssr/_03pca2c._.js from module 53935
    at Context.loadChunkAsync [as l] (.next/server/chunks/ssr/[turbopack]_runtime.js:766:27) {
  digest: '588830742',
  [cause]: Error: Cannot find module '/var/www/localseat/.next/server/chunks/ssr/_03pca2c._.js'
  Require stack:
  - /var/www/localseat/.next/server/chunks/ssr/[turbopack]_runtime.js
  - /var/www/localseat/.next/server/app/(app)/account/campaigns/page.js
  - /var/www/localseat/node_modules/next/dist/server/require.js
  - /var/www/localseat/node_modules/next/dist/server/next-server.js
  - /var/www/localseat/node_modules/next/dist/server/next.js
  - /var/www/localseat/node_modules/next/dist/server/lib/start-server.js
  - /var/www/localseat/node_modules/next/dist/cli/next-start.js
      at Context.loadChunkAsync [as l] (.next/server/chunks/ssr/[turbopack]_runtime.js:761:34) {
    code: 'MODULE_NOT_FOUND',
    requireStack: [
      '/var/www/localseat/.next/server/chunks/ssr/[turbopack]_runtime.js',
      '/var/www/localseat/.next/server/app/(app)/account/campaigns/page.js',
      '/var/www/localseat/node_modules/next/dist/server/require.js',
      '/var/www/localseat/node_modules/next/dist/server/next-server.js',
      '/var/www/localseat/node_modules/next/dist/server/next.js',
      '/var/www/localseat/node_modules/next/dist/server/lib/start-server.js',
      '/var/www/localseat/node_modules/next/dist/cli/next-start.js'
    ]
  }
}
Error [ChunkLoadError]: Failed to load chunk server/chunks/ssr/_03pca2c._.js from module 53935
    at Context.loadChunkAsync [as l] (.next/server/chunks/ssr/[turbopack]_runtime.js:766:27) {
  digest: '588830742',
  [cause]: Error: Cannot find module '/var/www/localseat/.next/server/chunks/ssr/_03pca2c._.js'
  Require stack:
  - /var/www/localseat/.next/server/chunks/ssr/[turbopack]_runtime.js
  - /var/www/localseat/.next/server/app/(app)/account/campaigns/page.js
  - /var/www/localseat/node_modules/next/dist/server/require.js
  - /var/www/localseat/node_modules/next/dist/server/next-server.js
  - /var/www/localseat/node_modules/next/dist/server/next.js
  - /var/www/localseat/node_modules/next/dist/server/lib/start-server.js
  - /var/www/localseat/node_modules/next/dist/cli/next-start.js
      at Context.loadChunkAsync [as l] (.next/server/chunks/ssr/[turbopack]_runtime.js:761:34) {
    code: 'MODULE_NOT_FOUND',
    requireStack: [
      '/var/www/localseat/.next/server/chunks/ssr/[turbopack]_runtime.js',
      '/var/www/localseat/.next/server/app/(app)/account/campaigns/page.js',
      '/var/www/localseat/node_modules/next/dist/server/require.js',
      '/var/www/localseat/node_modules/next/dist/server/next-server.js',
      '/var/www/localseat/node_modules/next/dist/server/next.js',
      '/var/www/localseat/node_modules/next/dist/server/lib/start-server.js',
      '/var/www/localseat/node_modules/next/dist/cli/next-start.js'
    ]
  }
}
⨯ unhandledRejection:  Error [ChunkLoadError]: Failed to load chunk server/chunks/ssr/_03pca2c._.js from module 53935
    at Context.loadChunkAsync [as l] (.next/server/chunks/ssr/[turbopack]_runtime.js:766:27) {
  digest: '588830742',
  [cause]: Error: Cannot find module '/var/www/localseat/.next/server/chunks/ssr/_03pca2c._.js'
  Require stack:
  - /var/www/localseat/.next/server/chunks/ssr/[turbopack]_runtime.js
  - /var/www/localseat/.next/server/app/(app)/account/campaigns/page.js
  - /var/www/localseat/node_modules/next/dist/server/require.js
  - /var/www/localseat/node_modules/next/dist/server/next-server.js
  - /var/www/localseat/node_modules/next/dist/server/next.js
  - /var/www/localseat/node_modules/next/dist/server/lib/start-server.js
  - /var/www/localseat/node_modules/next/dist/cli/next-start.js
      at Context.loadChunkAsync [as l] (.next/server/chunks/ssr/[turbopack]_runtime.js:761:34) {
    code: 'MODULE_NOT_FOUND',
    requireStack: [
      '/var/www/localseat/.next/server/chunks/ssr/[turbopack]_runtime.js',
      '/var/www/localseat/.next/server/app/(app)/account/campaigns/page.js',
      '/var/www/localseat/node_modules/next/dist/server/require.js',
      '/var/www/localseat/node_modules/next/dist/server/next-server.js',
      '/var/www/localseat/node_modules/next/dist/server/next.js',
      '/var/www/localseat/node_modules/next/dist/server/lib/start-server.js',
      '/var/www/localseat/node_modules/next/dist/cli/next-start.js'
    ]
  }
}
Error [ChunkLoadError]: Failed to load chunk server/chunks/ssr/src_app_(app)_canvassing_0bos4hw._.js from module 53935
    at Context.loadChunkAsync [as l] (.next/server/chunks/ssr/[turbopack]_runtime.js:766:27) {
  [cause]: Error: Cannot find module '/var/www/localseat/.next/server/chunks/ssr/src_app_(app)_canvassing_0bos4hw._.js'
  Require stack:
  - /var/www/localseat/.next/server/chunks/ssr/[turbopack]_runtime.js
  - /var/www/localseat/.next/server/app/(app)/account/campaigns/page.js
  - /var/www/localseat/node_modules/next/dist/server/require.js
  - /var/www/localseat/node_modules/next/dist/server/next-server.js
  - /var/www/localseat/node_modules/next/dist/server/next.js
  - /var/www/localseat/node_modules/next/dist/server/lib/start-server.js
  - /var/www/localseat/node_modules/next/dist/cli/next-start.js
      at Context.loadChunkAsync [as l] (.next/server/chunks/ssr/[turbopack]_runtime.js:761:34) {
    code: 'MODULE_NOT_FOUND',
    requireStack: [
      '/var/www/localseat/.next/server/chunks/ssr/[turbopack]_runtime.js',
      '/var/www/localseat/.next/server/app/(app)/account/campaigns/page.js',
      '/var/www/localseat/node_modules/next/dist/server/require.js',
      '/var/www/localseat/node_modules/next/dist/server/next-server.js',
      '/var/www/localseat/node_modules/next/dist/server/next.js',
      '/var/www/localseat/node_modules/next/dist/server/lib/start-server.js',
      '/var/www/localseat/node_modules/next/dist/cli/next-start.js'
    ]
  }
}
⨯ unhandledRejection:  Error [ChunkLoadError]: Failed to load chunk server/chunks/ssr/src_app_(app)_canvassing_0bos4hw._.js from module 53935
    at Context.loadChunkAsync [as l] (.next/server/chunks/ssr/[turbopack]_runtime.js:766:27) {
  [cause]: Error: Cannot find module '/var/www/localseat/.next/server/chunks/ssr/src_app_(app)_canvassing_0bos4hw._.js'
  Require stack:
  - /var/www/localseat/.next/server/chunks/ssr/[turbopack]_runtime.js
  - /var/www/localseat/.next/server/app/(app)/account/campaigns/page.js
  - /var/www/localseat/node_modules/next/dist/server/require.js
  - /var/www/localseat/node_modules/next/dist/server/next-server.js
  - /var/www/localseat/node_modules/next/dist/server/next.js
  - /var/www/localseat/node_modules/next/dist/server/lib/start-server.js
  - /var/www/localseat/node_modules/next/dist/cli/next-start.js
      at Context.loadChunkAsync [as l] (.next/server/chunks/ssr/[turbopack]_runtime.js:761:34) {
    code: 'MODULE_NOT_FOUND',
    requireStack: [
      '/var/www/localseat/.next/server/chunks/ssr/[turbopack]_runtime.js',
      '/var/www/localseat/.next/server/app/(app)/account/campaigns/page.js',
      '/var/www/localseat/node_modules/next/dist/server/require.js',
      '/var/www/localseat/node_modules/next/dist/server/next-server.js',
      '/var/www/localseat/node_modules/next/dist/server/next.js',
      '/var/www/localseat/node_modules/next/dist/server/lib/start-server.js',
      '/var/www/localseat/node_modules/next/dist/cli/next-start.js'
    ]
  }
}
Error [ChunkLoadError]: Failed to load chunk server/chunks/ssr/_03pca2c._.js from module 53935
    at Context.loadChunkAsync [as l] (.next/server/chunks/ssr/[turbopack]_runtime.js:766:27) {
  digest: '588830742',
  [cause]: Error: Cannot find module '/var/www/localseat/.next/server/chunks/ssr/_03pca2c._.js'
  Require stack:
  - /var/www/localseat/.next/server/chunks/ssr/[turbopack]_runtime.js
  - /var/www/localseat/.next/server/app/(app)/account/campaigns/page.js
  - /var/www/localseat/node_modules/next/dist/server/require.js
  - /var/www/localseat/node_modules/next/dist/server/next-server.js
  - /var/www/localseat/node_modules/next/dist/server/next.js
  - /var/www/localseat/node_modules/next/dist/server/lib/start-server.js
  - /var/www/localseat/node_modules/next/dist/cli/next-start.js
      at Context.loadChunkAsync [as l] (.next/server/chunks/ssr/[turbopack]_runtime.js:761:34) {
    code: 'MODULE_NOT_FOUND',
    requireStack: [
      '/var/www/localseat/.next/server/chunks/ssr/[turbopack]_runtime.js',
      '/var/www/localseat/.next/server/app/(app)/account/campaigns/page.js',
      '/var/www/localseat/node_modules/next/dist/server/require.js',
      '/var/www/localseat/node_modules/next/dist/server/next-server.js',
      '/var/www/localseat/node_modules/next/dist/server/next.js',
      '/var/www/localseat/node_modules/next/dist/server/lib/start-server.js',
      '/var/www/localseat/node_modules/next/dist/cli/next-start.js'
    ]
  }
}
⨯ unhandledRejection:  Error [ChunkLoadError]: Failed to load chunk server/chunks/ssr/_03pca2c._.js from module 53935
    at Context.loadChunkAsync [as l] (.next/server/chunks/ssr/[turbopack]_runtime.js:766:27) {
  digest: '588830742',
  [cause]: Error: Cannot find module '/var/www/localseat/.next/server/chunks/ssr/_03pca2c._.js'
  Require stack:
  - /var/www/localseat/.next/server/chunks/ssr/[turbopack]_runtime.js
  - /var/www/localseat/.next/server/app/(app)/account/campaigns/page.js
  - /var/www/localseat/node_modules/next/dist/server/require.js
  - /var/www/localseat/node_modules/next/dist/server/next-server.js
  - /var/www/localseat/node_modules/next/dist/server/next.js
  - /var/www/localseat/node_modules/next/dist/server/lib/start-server.js
  - /var/www/localseat/node_modules/next/dist/cli/next-start.js
      at Context.loadChunkAsync [as l] (.next/server/chunks/ssr/[turbopack]_runtime.js:761:34) {
    code: 'MODULE_NOT_FOUND',
    requireStack: [
      '/var/www/localseat/.next/server/chunks/ssr/[turbopack]_runtime.js',
      '/var/www/localseat/.next/server/app/(app)/account/campaigns/page.js',
      '/var/www/localseat/node_modules/next/dist/server/require.js',
      '/var/www/localseat/node_modules/next/dist/server/next-server.js',
      '/var/www/localseat/node_modules/next/dist/server/next.js',
      '/var/www/localseat/node_modules/next/dist/server/lib/start-server.js',
      '/var/www/localseat/node_modules/next/dist/cli/next-start.js'
    ]
  }
}
Error [ChunkLoadError]: Failed to load chunk server/chunks/ssr/src_app_(app)_canvassing_0bos4hw._.js from module 53935
    at Context.loadChunkAsync [as l] (.next/server/chunks/ssr/[turbopack]_runtime.js:766:27) {
  [cause]: Error: Cannot find module '/var/www/localseat/.next/server/chunks/ssr/src_app_(app)_canvassing_0bos4hw._.js'
  Require stack:
  - /var/www/localseat/.next/server/chunks/ssr/[turbopack]_runtime.js
  - /var/www/localseat/.next/server/app/(app)/account/campaigns/page.js
  - /var/www/localseat/node_modules/next/dist/server/require.js
  - /var/www/localseat/node_modules/next/dist/server/next-server.js
  - /var/www/localseat/node_modules/next/dist/server/next.js
  - /var/www/localseat/node_modules/next/dist/server/lib/start-server.js
  - /var/www/localseat/node_modules/next/dist/cli/next-start.js
      at Context.loadChunkAsync [as l] (.next/server/chunks/ssr/[turbopack]_runtime.js:761:34) {
    code: 'MODULE_NOT_FOUND',
    requireStack: [
      '/var/www/localseat/.next/server/chunks/ssr/[turbopack]_runtime.js',
      '/var/www/localseat/.next/server/app/(app)/account/campaigns/page.js',
      '/var/www/localseat/node_modules/next/dist/server/require.js',
      '/var/www/localseat/node_modules/next/dist/server/next-server.js',
      '/var/www/localseat/node_modules/next/dist/server/next.js',
      '/var/www/localseat/node_modules/next/dist/server/lib/start-server.js',
      '/var/www/localseat/node_modules/next/dist/cli/next-start.js'
    ]
  }
}
⨯ unhandledRejection:  Error [ChunkLoadError]: Failed to load chunk server/chunks/ssr/src_app_(app)_canvassing_0bos4hw._.js from module 53935
    at Context.loadChunkAsync [as l] (.next/server/chunks/ssr/[turbopack]_runtime.js:766:27) {
  [cause]: Error: Cannot find module '/var/www/localseat/.next/server/chunks/ssr/src_app_(app)_canvassing_0bos4hw._.js'
  Require stack:
  - /var/www/localseat/.next/server/chunks/ssr/[turbopack]_runtime.js
  - /var/www/localseat/.next/server/app/(app)/account/campaigns/page.js
  - /var/www/localseat/node_modules/next/dist/server/require.js
  - /var/www/localseat/node_modules/next/dist/server/next-server.js
  - /var/www/localseat/node_modules/next/dist/server/next.js
  - /var/www/localseat/node_modules/next/dist/server/lib/start-server.js
  - /var/www/localseat/node_modules/next/dist/cli/next-start.js
      at Context.loadChunkAsync [as l] (.next/server/chunks/ssr/[turbopack]_runtime.js:761:34) {
    code: 'MODULE_NOT_FOUND',
    requireStack: [
      '/var/www/localseat/.next/server/chunks/ssr/[turbopack]_runtime.js',
      '/var/www/localseat/.next/server/app/(app)/account/campaigns/page.js',
      '/var/www/localseat/node_modules/next/dist/server/require.js',
      '/var/www/localseat/node_modules/next/dist/server/next-server.js',
      '/var/www/localseat/node_modules/next/dist/server/next.js',
      '/var/www/localseat/node_modules/next/dist/server/lib/start-server.js',
      '/var/www/localseat/node_modules/next/dist/cli/next-start.js'
    ]
  }
}
Error [ChunkLoadError]: Failed to load chunk server/chunks/ssr/_03pca2c._.js from module 53935
    at Context.loadChunkAsync [as l] (.next/server/chunks/ssr/[turbopack]_runtime.js:766:27) {
  digest: '588830742',
  [cause]: Error: Cannot find module '/var/www/localseat/.next/server/chunks/ssr/_03pca2c._.js'
  Require stack:
  - /var/www/localseat/.next/server/chunks/ssr/[turbopack]_runtime.js
  - /var/www/localseat/.next/server/app/(app)/account/campaigns/page.js
  - /var/www/localseat/node_modules/next/dist/server/require.js
  - /var/www/localseat/node_modules/next/dist/server/next-server.js
  - /var/www/localseat/node_modules/next/dist/server/next.js
  - /var/www/localseat/node_modules/next/dist/server/lib/start-server.js
  - /var/www/localseat/node_modules/next/dist/cli/next-start.js
      at Context.loadChunkAsync [as l] (.next/server/chunks/ssr/[turbopack]_runtime.js:761:34) {
    code: 'MODULE_NOT_FOUND',
    requireStack: [
      '/var/www/localseat/.next/server/chunks/ssr/[turbopack]_runtime.js',
      '/var/www/localseat/.next/server/app/(app)/account/campaigns/page.js',
      '/var/www/localseat/node_modules/next/dist/server/require.js',
      '/var/www/localseat/node_modules/next/dist/server/next-server.js',
      '/var/www/localseat/node_modules/next/dist/server/next.js',
      '/var/www/localseat/node_modules/next/dist/server/lib/start-server.js',
      '/var/www/localseat/node_modules/next/dist/cli/next-start.js'
    ]
  }
}
⨯ unhandledRejection:  Error [ChunkLoadError]: Failed to load chunk server/chunks/ssr/_03pca2c._.js from module 53935
    at Context.loadChunkAsync [as l] (.next/server/chunks/ssr/[turbopack]_runtime.js:766:27) {
  digest: '588830742',
  [cause]: Error: Cannot find module '/var/www/localseat/.next/server/chunks/ssr/_03pca2c._.js'
  Require stack:
  - /var/www/localseat/.next/server/chunks/ssr/[turbopack]_runtime.js
  - /var/www/localseat/.next/server/app/(app)/account/campaigns/page.js
  - /var/www/localseat/node_modules/next/dist/server/require.js
  - /var/www/localseat/node_modules/next/dist/server/next-server.js
  - /var/www/localseat/node_modules/next/dist/server/next.js
  - /var/www/localseat/node_modules/next/dist/server/lib/start-server.js
  - /var/www/localseat/node_modules/next/dist/cli/next-start.js
      at Context.loadChunkAsync [as l] (.next/server/chunks/ssr/[turbopack]_runtime.js:761:34) {
    code: 'MODULE_NOT_FOUND',
    requireStack: [
      '/var/www/localseat/.next/server/chunks/ssr/[turbopack]_runtime.js',
      '/var/www/localseat/.next/server/app/(app)/account/campaigns/page.js',
      '/var/www/localseat/node_modules/next/dist/server/require.js',
      '/var/www/localseat/node_modules/next/dist/server/next-server.js',
      '/var/www/localseat/node_modules/next/dist/server/next.js',
      '/var/www/localseat/node_modules/next/dist/server/lib/start-server.js',
      '/var/www/localseat/node_modules/next/dist/cli/next-start.js'
    ]
  }
}
Error [ChunkLoadError]: Failed to load chunk server/chunks/ssr/src_app_(app)_canvassing_0bos4hw._.js from module 53935
    at Context.loadChunkAsync [as l] (.next/server/chunks/ssr/[turbopack]_runtime.js:766:27) {
  [cause]: Error: Cannot find module '/var/www/localseat/.next/server/chunks/ssr/src_app_(app)_canvassing_0bos4hw._.js'
  Require stack:
  - /var/www/localseat/.next/server/chunks/ssr/[turbopack]_runtime.js
  - /var/www/localseat/.next/server/app/(app)/account/campaigns/page.js
  - /var/www/localseat/node_modules/next/dist/server/require.js
  - /var/www/localseat/node_modules/next/dist/server/next-server.js
  - /var/www/localseat/node_modules/next/dist/server/next.js
  - /var/www/localseat/node_modules/next/dist/server/lib/start-server.js
  - /var/www/localseat/node_modules/next/dist/cli/next-start.js
      at Context.loadChunkAsync [as l] (.next/server/chunks/ssr/[turbopack]_runtime.js:761:34) {
    code: 'MODULE_NOT_FOUND',
    requireStack: [
      '/var/www/localseat/.next/server/chunks/ssr/[turbopack]_runtime.js',
      '/var/www/localseat/.next/server/app/(app)/account/campaigns/page.js',
      '/var/www/localseat/node_modules/next/dist/server/require.js',
      '/var/www/localseat/node_modules/next/dist/server/next-server.js',
      '/var/www/localseat/node_modules/next/dist/server/next.js',
      '/var/www/localseat/node_modules/next/dist/server/lib/start-server.js',
      '/var/www/localseat/node_modules/next/dist/cli/next-start.js'
    ]
  }
}
⨯ unhandledRejection:  Error [ChunkLoadError]: Failed to load chunk server/chunks/ssr/src_app_(app)_canvassing_0bos4hw._.js from module 53935
    at Context.loadChunkAsync [as l] (.next/server/chunks/ssr/[turbopack]_runtime.js:766:27) {
  [cause]: Error: Cannot find module '/var/www/localseat/.next/server/chunks/ssr/src_app_(app)_canvassing_0bos4hw._.js'
  Require stack:
  - /var/www/localseat/.next/server/chunks/ssr/[turbopack]_runtime.js
  - /var/www/localseat/.next/server/app/(app)/account/campaigns/page.js
  - /var/www/localseat/node_modules/next/dist/server/require.js
  - /var/www/localseat/node_modules/next/dist/server/next-server.js
  - /var/www/localseat/node_modules/next/dist/server/next.js
  - /var/www/localseat/node_modules/next/dist/server/lib/start-server.js
  - /var/www/localseat/node_modules/next/dist/cli/next-start.js
      at Context.loadChunkAsync [as l] (.next/server/chunks/ssr/[turbopack]_runtime.js:761:34) {
    code: 'MODULE_NOT_FOUND',
    requireStack: [
      '/var/www/localseat/.next/server/chunks/ssr/[turbopack]_runtime.js',
      '/var/www/localseat/.next/server/app/(app)/account/campaigns/page.js',
      '/var/www/localseat/node_modules/next/dist/server/require.js',
      '/var/www/localseat/node_modules/next/dist/server/next-server.js',
      '/var/www/localseat/node_modules/next/dist/server/next.js',
      '/var/www/localseat/node_modules/next/dist/server/lib/start-server.js',
      '/var/www/localseat/node_modules/next/dist/cli/next-start.js'
    ]
  }
}
⨯ Error [ChunkLoadError]: Failed to load chunk server/chunks/ssr/_03pca2c._.js from module 53935
    at Context.loadChunkAsync [as l] (.next/server/chunks/ssr/[turbopack]_runtime.js:766:27) {
  digest: '588830742',
  [cause]: Error: Cannot find module '/var/www/localseat/.next/server/chunks/ssr/_03pca2c._.js'
  Require stack:
  - /var/www/localseat/.next/server/chunks/ssr/[turbopack]_runtime.js
  - /var/www/localseat/.next/server/app/(app)/account/campaigns/page.js
  - /var/www/localseat/node_modules/next/dist/server/require.js
  - /var/www/localseat/node_modules/next/dist/server/next-server.js
  - /var/www/localseat/node_modules/next/dist/server/next.js
  - /var/www/localseat/node_modules/next/dist/server/lib/start-server.js
  - /var/www/localseat/node_modules/next/dist/cli/next-start.js
      at Context.loadChunkAsync [as l] (.next/server/chunks/ssr/[turbopack]_runtime.js:761:34) {
    code: 'MODULE_NOT_FOUND',
    requireStack: [
      '/var/www/localseat/.next/server/chunks/ssr/[turbopack]_runtime.js',
      '/var/www/localseat/.next/server/app/(app)/account/campaigns/page.js',
      '/var/www/localseat/node_modules/next/dist/server/require.js',
      '/var/www/localseat/node_modules/next/dist/server/next-server.js',
      '/var/www/localseat/node_modules/next/dist/server/next.js',
      '/var/www/localseat/node_modules/next/dist/server/lib/start-server.js',
      '/var/www/localseat/node_modules/next/dist/cli/next-start.js'
    ]
  }
}
